<?xml version="1.0" encoding="UTF-8" ?>
<beans xmlns="http://www.springframework.org/schema/beans"
       xmlns:xsi="http://www.w3.org/2001/XMLSchema-instance"
       xmlns:context="http://www.springframework.org/schema/context"
       xmlns:tx="http://www.springframework.org/schema/tx"
       xmlns:aop="http://www.springframework.org/schema/aop"
       xmlns:utils="http://www.springframework.org/schema/util"
       xmlns:sec="http://www.springframework.org/schema/security"

       xsi:schemaLocation="http://www.springframework.org/schema/beans
        http://www.springframework.org/schema/beans/spring-beans.xsd
        http://www.springframework.org/schema/context
        http://www.springframework.org/schema/context/spring-context.xsd
        http://www.springframework.org/schema/beans
        http://www.springframework.org/schema/beans/spring-beans-4.1.xsd
        http://www.springframework.org/schema/aop
        http://www.springframework.org/schema/aop/spring-aop-4.1.xsd
        http://www.springframework.org/schema/tx
        http://www.springframework.org/schema/tx/spring-tx-4.1.xsd
        http://www.springframework.org/schema/context
        http://www.springframework.org/schema/context/spring-context.xsd">

    <context:component-scan base-package="com.sotas.billboard05"/>
    <tx:annotation-driven />

    <bean id="emf" class="org.springframework.orm.jpa.LocalContainerEntityManagerFactoryBean">
        <property name="dataSource" ref="dataSource" />
        <property name="packagesToScan" value="com.sotas.billboard05.entity"/>
        <property name="jpaVendorAdapter">
            <bean class="org.springframework.orm.jpa.vendor.HibernateJpaVendorAdapter" />
        </property>
        <property name="jpaProperties">
            <props>
                <prop key="hibernate.dialect">org.hibernate.dialect.MySQL5Dialect</prop>
            </props>
        </property>
    </bean>

    <bean id="transactionManager" class="org.springframework.orm.jpa.JpaTransactionManager">
        <property name="entityManagerFactory" ref="emf" />
    </bean>

    <bean id="txTemplate" class="org.springframework.transaction.support.TransactionTemplate">
        <property name="transactionManager" ref="transactionManager"/>
    </bean>

    <!-- aop -->
    <bean id="aopLogger" class="com.sotas.billboard05.utils.AopRoundLogger">
        <property name="log">
            <bean class="org.apache.log4j.Logger" factory-method="getLogger">
                <constructor-arg type="java.lang.String" value="com.sotas.wallet" />
            </bean>
        </property>
    </bean>
    <aop:config>
        <aop:aspect ref="aopLogger" >
            <aop:pointcut id="pointCutBefore" expression="execution(* com.sotas.billboard05.controller.*.*(..))" />
            <aop:around method="around" pointcut-ref="pointCutBefore"/>
        </aop:aspect>
    </aop:config>

    <bean id="mailService" class="com.sotas.billboard05.service.MailMsgService">
        <constructor-arg value="system@findboard.ru"/>
        <constructor-arg value="${bb05.systemEmailPass}"/>
        <constructor-arg value="smtp.yandex.ru"/>
    </bean>

    <bean id="filterMultipartResolver" class="org.springframework.web.multipart.commons.CommonsMultipartResolver">
        <property name="maxUploadSize" value="10000000" />
    </bean>

    <bean id="photoDir" class="java.lang.String">
        <constructor-arg index="0" value="/tmp/billboard-test"/>
    </bean>
</beans>